CODICE/app/build/intermediates/manifest_merge_blame_file/debug/manifest-merger-blame-debug-report.txt
1<?xml version="1.0" encoding="utf-8"?>
2<manifest xmlns:android="http://schemas.android.com/apk/res/android"
3    package="com.application.mypet"
4    android:versionCode="1"
5    android:versionName="1.0" >
6
7    <uses-sdk
8        android:minSdkVersion="21"
8-->src\main\AndroidManifest.xml
9        android:targetSdkVersion="33" />
9-->src\main\AndroidManifest.xml
10
11    <uses-permission android:name="android.permission.INTERNET" />
11-->src\main\AndroidManifest.xml:5:5-66
11-->src\main\AndroidManifest.xml:5:22-64
12    <uses-permission android:name="android.permission.ACCESS_NETWORK_STATE" />
12-->src\main\AndroidManifest.xml:6:5-78
12-->src\main\AndroidManifest.xml:6:22-76
13    <uses-permission android:name="android.permission.ACCESS_WIFI_STATE" />
13-->src\main\AndroidManifest.xml:7:5-75
13-->src\main\AndroidManifest.xml:7:22-73
14
15    <application
15-->src\main\AndroidManifest.xml:9:5-72:19
16        android:allowBackup="true"
16-->src\main\AndroidManifest.xml:10:9-35
17        android:appComponentFactory="androidx.core.app.CoreComponentFactory"
17-->[androidx.core:core:1.8.0] AndroidManifest.xml:24:18-86
18        android:dataExtractionRules="@xml/data_extraction_rules"
18-->src\main\AndroidManifest.xml:11:9-65
19        android:debuggable="true"
19-->src\main\AndroidManifest.xml:17:9-35
20        android:fullBackupContent="@xml/backup_rules"
20-->src\main\AndroidManifest.xml:12:9-54
21        android:icon="@mipmap/ic_launcher"
21-->src\main\AndroidManifest.xml:13:9-43
22        android:label="@string/app_name"
22-->src\main\AndroidManifest.xml:14:9-41
23        android:roundIcon="@mipmap/ic_launcher_round"
23-->src\main\AndroidManifest.xml:15:9-54
24        android:supportsRtl="true"
24-->src\main\AndroidManifest.xml:16:9-35
25        android:testOnly="true"
26        android:theme="@style/Theme.MyPet"
26-->src\main\AndroidManifest.xml:18:9-43
27        android:usesCleartextTraffic="false" >
27-->src\main\AndroidManifest.xml:19:9-45
28        <activity
28-->src\main\AndroidManifest.xml:22:9-28:20
29            android:name="com.application.mypet.registration.view.RegistrationActivity"
29-->src\main\AndroidManifest.xml:23:13-67
30            android:exported="false" >
30-->src\main\AndroidManifest.xml:24:13-37
31            <meta-data
31-->src\main\AndroidManifest.xml:25:13-27:36
32                android:name="android.app.lib_name"
32-->src\main\AndroidManifest.xml:26:17-52
33                android:value="" />
33-->src\main\AndroidManifest.xml:27:17-33
34        </activity>
35        <activity
35-->src\main\AndroidManifest.xml:29:9-35:20
36            android:name="com.application.mypet.services.HomeActivity"
36-->src\main\AndroidManifest.xml:30:13-50
37            android:exported="false" >
37-->src\main\AndroidManifest.xml:31:13-37
38            <meta-data
38-->src\main\AndroidManifest.xml:25:13-27:36
39                android:name="android.app.lib_name"
39-->src\main\AndroidManifest.xml:26:17-52
40                android:value="" />
40-->src\main\AndroidManifest.xml:27:17-33
41        </activity>
42        <activity
42-->src\main\AndroidManifest.xml:36:9-43:20
43            android:name="com.application.mypet.login.recovery.view.PasswordRecoveryActivity"
43-->src\main\AndroidManifest.xml:37:13-73
44            android:exported="false"
44-->src\main\AndroidManifest.xml:38:13-37
45            android:screenOrientation="portrait" >
45-->src\main\AndroidManifest.xml:39:13-49
46            <meta-data
46-->src\main\AndroidManifest.xml:25:13-27:36
47                android:name="android.app.lib_name"
47-->src\main\AndroidManifest.xml:26:17-52
48                android:value="" />
48-->src\main\AndroidManifest.xml:27:17-33
49        </activity>
50        <activity
50-->src\main\AndroidManifest.xml:44:9-58:20
51            android:name="com.application.mypet.SplashScreen"
51-->src\main\AndroidManifest.xml:45:13-41
52            android:exported="true"
52-->src\main\AndroidManifest.xml:46:13-36
53            android:screenOrientation="portrait"
53-->src\main\AndroidManifest.xml:47:13-49
54            android:theme="@android:style/Theme.NoTitleBar.Fullscreen" >
54-->src\main\AndroidManifest.xml:48:13-71
55            <intent-filter>
55-->src\main\AndroidManifest.xml:49:13-53:29
56                <action android:name="android.intent.action.MAIN" />
56-->src\main\AndroidManifest.xml:50:17-69
56-->src\main\AndroidManifest.xml:50:25-66
57
58                <category android:name="android.intent.category.LAUNCHER" />
58-->src\main\AndroidManifest.xml:52:17-77
58-->src\main\AndroidManifest.xml:52:27-74
59            </intent-filter>
60
61            <meta-data
61-->src\main\AndroidManifest.xml:25:13-27:36
62                android:name="android.app.lib_name"
62-->src\main\AndroidManifest.xml:26:17-52
63                android:value="" />
63-->src\main\AndroidManifest.xml:27:17-33
64        </activity>
65        <activity
65-->src\main\AndroidManifest.xml:59:9-67:20
66            android:name="com.application.mypet.login.view.LoginActivity"
66-->src\main\AndroidManifest.xml:60:13-53
67            android:exported="true"
67-->src\main\AndroidManifest.xml:61:13-36
68            android:screenOrientation="portrait" >
68-->src\main\AndroidManifest.xml:62:13-49
69            <meta-data
69-->src\main\AndroidManifest.xml:25:13-27:36
70                android:name="android.app.lib_name"
70-->src\main\AndroidManifest.xml:26:17-52
71                android:value="" />
71-->src\main\AndroidManifest.xml:27:17-33
72        </activity>
73
74        <meta-data
74-->src\main\AndroidManifest.xml:69:9-71:57
75            android:name="preloaded_fonts"
75-->src\main\AndroidManifest.xml:70:13-43
76            android:resource="@array/preloaded_fonts" />
76-->src\main\AndroidManifest.xml:71:13-54
77
78        <provider
78-->[androidx.emoji2:emoji2:1.2.0] AndroidManifest.xml:24:9-32:20
79            android:name="androidx.startup.InitializationProvider"
79-->[androidx.emoji2:emoji2:1.2.0] AndroidManifest.xml:25:13-67
80            android:authorities="com.application.mypet.androidx-startup"
80-->[androidx.emoji2:emoji2:1.2.0] AndroidManifest.xml:26:13-68
81            android:exported="false" >
81-->[androidx.emoji2:emoji2:1.2.0] AndroidManifest.xml:27:13-37
82            <meta-data
82-->[androidx.emoji2:emoji2:1.2.0] AndroidManifest.xml:29:13-31:52
83                android:name="androidx.emoji2.text.EmojiCompatInitializer"
83-->[androidx.emoji2:emoji2:1.2.0] AndroidManifest.xml:30:17-75
84                android:value="androidx.startup" />
84-->[androidx.emoji2:emoji2:1.2.0] AndroidManifest.xml:31:17-49
85            <meta-data
85-->[androidx.lifecycle:lifecycle-process:2.4.1] AndroidManifest.xml:31:13-33:52
86                android:name="androidx.lifecycle.ProcessLifecycleInitializer"
86-->[androidx.lifecycle:lifecycle-process:2.4.1] AndroidManifest.xml:32:17-78
87                android:value="androidx.startup" />
87-->[androidx.lifecycle:lifecycle-process:2.4.1] AndroidManifest.xml:33:17-49
88        </provider>
89    </application>
90
91</manifest>